<?xml version="1.0" encoding="UTF-8"?>
<testsuite name="OptimizeFreqTest" tests="1" skipped="0" failures="0" errors="0" timestamp="2019-12-03T03:51:23" hostname="rjg-Inspiron-660" time="0.16">
  <properties/>
  <testcase name="test1" classname="OptimizeFreqTest" time="0.16"/>
  <system-out><![CDATA[]]></system-out>
  <system-err><![CDATA[]]></system-err>
</testsuite>
