<?xml version="1.0" encoding="UTF-8"?>
<testsuite name="OptimizeFreqTest" tests="1" skipped="0" failures="0" errors="0" timestamp="2019-12-02T22:31:00" hostname="rjg-Inspiron-660" time="0.007">
  <properties/>
  <testcase name="test1" classname="OptimizeFreqTest" time="0.007"/>
  <system-out><![CDATA[]]></system-out>
  <system-err><![CDATA[]]></system-err>
</testsuite>
